{"/home/tim/projects/diy-kata-3/src/index.js": {"path":"/home/tim/projects/diy-kata-3/src/index.js","statementMap":{"0":{"start":{"line":1,"column":17},"end":{"line":1,"column":44}},"1":{"start":{"line":2,"column":22},"end":{"line":2,"column":54}},"2":{"start":{"line":3,"column":31},"end":{"line":3,"column":72}},"3":{"start":{"line":4,"column":25},"end":{"line":4,"column":60}},"4":{"start":{"line":5,"column":25},"end":{"line":5,"column":60}},"5":{"start":{"line":6,"column":18},"end":{"line":6,"column":46}},"6":{"start":{"line":7,"column":24},"end":{"line":7,"column":58}},"7":{"start":{"line":9,"column":0},"end":{"line":17,"column":2}}},"fnMap":{},"branchMap":{},"s":{"0":1,"1":1,"2":1,"3":1,"4":1,"5":1,"6":1,"7":1},"f":{},"b":{},"_coverageSchema":"1a1c01bbd47fc00a2c39e90264f33305004495a9","hash":"5ce4f077bd356887b93c072fef2d132f3618abe1"}
,"/home/tim/projects/diy-kata-3/src/kata1.fizzBuzz.js": {"path":"/home/tim/projects/diy-kata-3/src/kata1.fizzBuzz.js","statementMap":{"0":{"start":{"line":1,"column":17},"end":{"line":15,"column":1}},"1":{"start":{"line":2,"column":25},"end":{"line":2,"column":41}},"2":{"start":{"line":3,"column":25},"end":{"line":3,"column":41}},"3":{"start":{"line":5,"column":2},"end":{"line":7,"column":3}},"4":{"start":{"line":6,"column":4},"end":{"line":6,"column":22}},"5":{"start":{"line":8,"column":2},"end":{"line":10,"column":3}},"6":{"start":{"line":9,"column":4},"end":{"line":9,"column":18}},"7":{"start":{"line":11,"column":2},"end":{"line":13,"column":3}},"8":{"start":{"line":12,"column":4},"end":{"line":12,"column":18}},"9":{"start":{"line":14,"column":2},"end":{"line":14,"column":16}},"10":{"start":{"line":17,"column":0},"end":{"line":17,"column":26}}},"fnMap":{"0":{"name":"(anonymous_0)","decl":{"start":{"line":1,"column":17},"end":{"line":1,"column":18}},"loc":{"start":{"line":1,"column":29},"end":{"line":15,"column":1}},"line":1}},"branchMap":{"0":{"loc":{"start":{"line":5,"column":2},"end":{"line":7,"column":3}},"type":"if","locations":[{"start":{"line":5,"column":2},"end":{"line":7,"column":3}},{"start":{},"end":{}}],"line":5},"1":{"loc":{"start":{"line":5,"column":6},"end":{"line":5,"column":38}},"type":"binary-expr","locations":[{"start":{"line":5,"column":6},"end":{"line":5,"column":20}},{"start":{"line":5,"column":24},"end":{"line":5,"column":38}}],"line":5},"2":{"loc":{"start":{"line":8,"column":2},"end":{"line":10,"column":3}},"type":"if","locations":[{"start":{"line":8,"column":2},"end":{"line":10,"column":3}},{"start":{},"end":{}}],"line":8},"3":{"loc":{"start":{"line":11,"column":2},"end":{"line":13,"column":3}},"type":"if","locations":[{"start":{"line":11,"column":2},"end":{"line":13,"column":3}},{"start":{},"end":{}}],"line":11}},"s":{"0":1,"1":0,"2":0,"3":0,"4":0,"5":0,"6":0,"7":0,"8":0,"9":0,"10":1},"f":{"0":0},"b":{"0":[0,0],"1":[0,0],"2":[0,0],"3":[0,0]},"_coverageSchema":"1a1c01bbd47fc00a2c39e90264f33305004495a9","hash":"e923b3b8c4c1e585034a71ad2f3dcedd4183ba25"}
,"/home/tim/projects/diy-kata-3/src/kata2.booleanToWord.js": {"path":"/home/tim/projects/diy-kata-3/src/kata2.booleanToWord.js","statementMap":{"0":{"start":{"line":1,"column":22},"end":{"line":3,"column":1}},"1":{"start":{"line":2,"column":4},"end":{"line":2,"column":34}},"2":{"start":{"line":5,"column":0},"end":{"line":5,"column":31}}},"fnMap":{"0":{"name":"(anonymous_0)","decl":{"start":{"line":1,"column":22},"end":{"line":1,"column":23}},"loc":{"start":{"line":1,"column":35},"end":{"line":3,"column":1}},"line":1}},"branchMap":{"0":{"loc":{"start":{"line":2,"column":11},"end":{"line":2,"column":33}},"type":"cond-expr","locations":[{"start":{"line":2,"column":21},"end":{"line":2,"column":26}},{"start":{"line":2,"column":29},"end":{"line":2,"column":33}}],"line":2}},"s":{"0":1,"1":0,"2":1},"f":{"0":0},"b":{"0":[0,0]},"_coverageSchema":"1a1c01bbd47fc00a2c39e90264f33305004495a9","hash":"2ced30fe873ae4ee1cf994cf2eba153db9eaa2e5"}
,"/home/tim/projects/diy-kata-3/src/kata3.numberToReversedDigits.js": {"path":"/home/tim/projects/diy-kata-3/src/kata3.numberToReversedDigits.js","statementMap":{"0":{"start":{"line":1,"column":31},"end":{"line":9,"column":1}},"1":{"start":{"line":2,"column":2},"end":{"line":4,"column":3}},"2":{"start":{"line":3,"column":4},"end":{"line":3,"column":35}},"3":{"start":{"line":6,"column":17},"end":{"line":6,"column":73}},"4":{"start":{"line":6,"column":57},"end":{"line":6,"column":72}},"5":{"start":{"line":8,"column":2},"end":{"line":8,"column":26}},"6":{"start":{"line":11,"column":0},"end":{"line":11,"column":40}}},"fnMap":{"0":{"name":"(anonymous_0)","decl":{"start":{"line":1,"column":31},"end":{"line":1,"column":32}},"loc":{"start":{"line":1,"column":43},"end":{"line":9,"column":1}},"line":1},"1":{"name":"(anonymous_1)","decl":{"start":{"line":6,"column":44},"end":{"line":6,"column":45}},"loc":{"start":{"line":6,"column":57},"end":{"line":6,"column":72}},"line":6}},"branchMap":{"0":{"loc":{"start":{"line":2,"column":2},"end":{"line":4,"column":3}},"type":"if","locations":[{"start":{"line":2,"column":2},"end":{"line":4,"column":3}},{"start":{},"end":{}}],"line":2}},"s":{"0":1,"1":0,"2":0,"3":0,"4":0,"5":0,"6":1},"f":{"0":0,"1":0},"b":{"0":[0,0]},"_coverageSchema":"1a1c01bbd47fc00a2c39e90264f33305004495a9","hash":"9d8245d7b0ba4db6a70ecf5eb70a72216c08337b"}
,"/home/tim/projects/diy-kata-3/src/kata4.humanCatDogYears.js": {"path":"/home/tim/projects/diy-kata-3/src/kata4.humanCatDogYears.js","statementMap":{"0":{"start":{"line":1,"column":25},"end":{"line":37,"column":1}},"1":{"start":{"line":2,"column":21},"end":{"line":2,"column":23}},"2":{"start":{"line":3,"column":28},"end":{"line":3,"column":30}},"3":{"start":{"line":4,"column":29},"end":{"line":4,"column":30}},"4":{"start":{"line":5,"column":27},"end":{"line":5,"column":61}},"5":{"start":{"line":6,"column":26},"end":{"line":6,"column":27}},"6":{"start":{"line":7,"column":26},"end":{"line":7,"column":27}},"7":{"start":{"line":9,"column":19},"end":{"line":11,"column":5}},"8":{"start":{"line":10,"column":8},"end":{"line":10,"column":63}},"9":{"start":{"line":13,"column":19},"end":{"line":15,"column":5}},"10":{"start":{"line":14,"column":8},"end":{"line":14,"column":63}},"11":{"start":{"line":17,"column":4},"end":{"line":19,"column":5}},"12":{"start":{"line":18,"column":8},"end":{"line":18,"column":21}},"13":{"start":{"line":20,"column":4},"end":{"line":22,"column":5}},"14":{"start":{"line":21,"column":8},"end":{"line":21,"column":25}},"15":{"start":{"line":23,"column":4},"end":{"line":25,"column":5}},"16":{"start":{"line":24,"column":8},"end":{"line":24,"column":53}},"17":{"start":{"line":26,"column":4},"end":{"line":28,"column":5}},"18":{"start":{"line":27,"column":8},"end":{"line":27,"column":49}},"19":{"start":{"line":29,"column":4},"end":{"line":33,"column":5}},"20":{"start":{"line":30,"column":8},"end":{"line":30,"column":30}},"21":{"start":{"line":31,"column":8},"end":{"line":31,"column":38}},"22":{"start":{"line":32,"column":8},"end":{"line":32,"column":38}},"23":{"start":{"line":35,"column":4},"end":{"line":35,"column":20}},"24":{"start":{"line":39,"column":0},"end":{"line":39,"column":34}}},"fnMap":{"0":{"name":"(anonymous_0)","decl":{"start":{"line":1,"column":25},"end":{"line":1,"column":26}},"loc":{"start":{"line":1,"column":37},"end":{"line":37,"column":1}},"line":1},"1":{"name":"(anonymous_1)","decl":{"start":{"line":9,"column":19},"end":{"line":9,"column":20}},"loc":{"start":{"line":9,"column":31},"end":{"line":11,"column":5}},"line":9},"2":{"name":"(anonymous_2)","decl":{"start":{"line":13,"column":19},"end":{"line":13,"column":20}},"loc":{"start":{"line":13,"column":31},"end":{"line":15,"column":5}},"line":13}},"branchMap":{"0":{"loc":{"start":{"line":17,"column":4},"end":{"line":19,"column":5}},"type":"if","locations":[{"start":{"line":17,"column":4},"end":{"line":19,"column":5}},{"start":{},"end":{}}],"line":17},"1":{"loc":{"start":{"line":20,"column":4},"end":{"line":22,"column":5}},"type":"if","locations":[{"start":{"line":20,"column":4},"end":{"line":22,"column":5}},{"start":{},"end":{}}],"line":20},"2":{"loc":{"start":{"line":23,"column":4},"end":{"line":25,"column":5}},"type":"if","locations":[{"start":{"line":23,"column":4},"end":{"line":25,"column":5}},{"start":{},"end":{}}],"line":23},"3":{"loc":{"start":{"line":26,"column":4},"end":{"line":28,"column":5}},"type":"if","locations":[{"start":{"line":26,"column":4},"end":{"line":28,"column":5}},{"start":{},"end":{}}],"line":26},"4":{"loc":{"start":{"line":29,"column":4},"end":{"line":33,"column":5}},"type":"if","locations":[{"start":{"line":29,"column":4},"end":{"line":33,"column":5}},{"start":{},"end":{}}],"line":29}},"s":{"0":1,"1":0,"2":0,"3":0,"4":0,"5":0,"6":0,"7":0,"8":0,"9":0,"10":0,"11":0,"12":0,"13":0,"14":0,"15":0,"16":0,"17":0,"18":0,"19":0,"20":0,"21":0,"22":0,"23":0,"24":1},"f":{"0":0,"1":0,"2":0},"b":{"0":[0,0],"1":[0,0],"2":[0,0],"3":[0,0],"4":[0,0]},"_coverageSchema":"1a1c01bbd47fc00a2c39e90264f33305004495a9","hash":"209b75a31207ae50e1a4199beacde8a569f4aad1"}
,"/home/tim/projects/diy-kata-3/src/kata5.reachDestination.js": {"path":"/home/tim/projects/diy-kata-3/src/kata5.reachDestination.js","statementMap":{"0":{"start":{"line":1,"column":25},"end":{"line":19,"column":1}},"1":{"start":{"line":2,"column":4},"end":{"line":4,"column":5}},"2":{"start":{"line":3,"column":8},"end":{"line":3,"column":21}},"3":{"start":{"line":6,"column":24},"end":{"line":6,"column":40}},"4":{"start":{"line":8,"column":27},"end":{"line":8,"column":42}},"5":{"start":{"line":10,"column":4},"end":{"line":16,"column":5}},"6":{"start":{"line":11,"column":8},"end":{"line":11,"column":34}},"7":{"start":{"line":12,"column":11},"end":{"line":16,"column":5}},"8":{"start":{"line":13,"column":8},"end":{"line":13,"column":58}},"9":{"start":{"line":15,"column":8},"end":{"line":15,"column":56}},"10":{"start":{"line":18,"column":4},"end":{"line":18,"column":55}},"11":{"start":{"line":21,"column":0},"end":{"line":21,"column":34}}},"fnMap":{"0":{"name":"(anonymous_0)","decl":{"start":{"line":1,"column":25},"end":{"line":1,"column":26}},"loc":{"start":{"line":1,"column":46},"end":{"line":19,"column":1}},"line":1}},"branchMap":{"0":{"loc":{"start":{"line":2,"column":4},"end":{"line":4,"column":5}},"type":"if","locations":[{"start":{"line":2,"column":4},"end":{"line":4,"column":5}},{"start":{},"end":{}}],"line":2},"1":{"loc":{"start":{"line":10,"column":4},"end":{"line":16,"column":5}},"type":"if","locations":[{"start":{"line":10,"column":4},"end":{"line":16,"column":5}},{"start":{"line":12,"column":11},"end":{"line":16,"column":5}}],"line":10},"2":{"loc":{"start":{"line":10,"column":7},"end":{"line":10,"column":51}},"type":"binary-expr","locations":[{"start":{"line":10,"column":7},"end":{"line":10,"column":28}},{"start":{"line":10,"column":32},"end":{"line":10,"column":51}}],"line":10},"3":{"loc":{"start":{"line":12,"column":11},"end":{"line":16,"column":5}},"type":"if","locations":[{"start":{"line":12,"column":11},"end":{"line":16,"column":5}},{"start":{"line":14,"column":11},"end":{"line":16,"column":5}}],"line":12}},"s":{"0":1,"1":0,"2":0,"3":0,"4":0,"5":0,"6":0,"7":0,"8":0,"9":0,"10":0,"11":1},"f":{"0":0},"b":{"0":[0,0],"1":[0,0],"2":[0,0],"3":[0,0]},"_coverageSchema":"1a1c01bbd47fc00a2c39e90264f33305004495a9","hash":"1e869c2378861b84b2b5770931c96a3d025d27a3"}
,"/home/tim/projects/diy-kata-3/src/kata6.joinNames.js": {"path":"/home/tim/projects/diy-kata-3/src/kata6.joinNames.js","statementMap":{"0":{"start":{"line":1,"column":18},"end":{"line":24,"column":1}},"1":{"start":{"line":3,"column":19},"end":{"line":3,"column":54}},"2":{"start":{"line":3,"column":42},"end":{"line":3,"column":53}},"3":{"start":{"line":16,"column":21},"end":{"line":22,"column":6}},"4":{"start":{"line":17,"column":8},"end":{"line":21,"column":9}},"5":{"start":{"line":18,"column":12},"end":{"line":18,"column":37}},"6":{"start":{"line":20,"column":12},"end":{"line":20,"column":38}},"7":{"start":{"line":23,"column":4},"end":{"line":23,"column":20}},"8":{"start":{"line":26,"column":0},"end":{"line":26,"column":27}}},"fnMap":{"0":{"name":"(anonymous_0)","decl":{"start":{"line":1,"column":18},"end":{"line":1,"column":19}},"loc":{"start":{"line":1,"column":32},"end":{"line":24,"column":1}},"line":1},"1":{"name":"(anonymous_1)","decl":{"start":{"line":3,"column":32},"end":{"line":3,"column":33}},"loc":{"start":{"line":3,"column":42},"end":{"line":3,"column":53}},"line":3},"2":{"name":"(anonymous_2)","decl":{"start":{"line":16,"column":37},"end":{"line":16,"column":38}},"loc":{"start":{"line":16,"column":59},"end":{"line":22,"column":5}},"line":16}},"branchMap":{"0":{"loc":{"start":{"line":17,"column":8},"end":{"line":21,"column":9}},"type":"if","locations":[{"start":{"line":17,"column":8},"end":{"line":21,"column":9}},{"start":{"line":19,"column":15},"end":{"line":21,"column":9}}],"line":17}},"s":{"0":1,"1":4,"2":11,"3":4,"4":7,"5":4,"6":3,"7":4,"8":1},"f":{"0":4,"1":11,"2":7},"b":{"0":[4,3]},"_coverageSchema":"1a1c01bbd47fc00a2c39e90264f33305004495a9","hash":"3298a6fcb168253150e6e59836c301adddd88f9c"}
,"/home/tim/projects/diy-kata-3/src/kata7.getEmployerRole.js": {"path":"/home/tim/projects/diy-kata-3/src/kata7.getEmployerRole.js","statementMap":{"0":{"start":{"line":1,"column":24},"end":{"line":1,"column":55}},"1":{"start":{"line":3,"column":0},"end":{"line":3,"column":33}}},"fnMap":{"0":{"name":"(anonymous_0)","decl":{"start":{"line":1,"column":24},"end":{"line":1,"column":25}},"loc":{"start":{"line":1,"column":53},"end":{"line":1,"column":55}},"line":1}},"branchMap":{},"s":{"0":1,"1":1},"f":{"0":0},"b":{},"_coverageSchema":"1a1c01bbd47fc00a2c39e90264f33305004495a9","hash":"44496068578aa8c7cf23eaf7f3fda5e718ccc8ee"}
}
